<?xml version="1.0" encoding="UTF-8"?>
<!-- Generated by org.testng.reporters.JUnitXMLReporter -->
<testsuite hostname="LAPTOP-CLA2OAMQ" ignored="0" name="Simple Test" tests="4" failures="0" timestamp="11 Jul 2017 16:58:32 GMT" time="0.062" errors="0">
  <testcase name="@BeforeSuite before" time="12.268" classname="redbusWebsiteCalls.HomePageCalls">
    <failure type="org.openqa.selenium.WebDriverException" message="Failed to find width field
Build info: version: &amp;apos;3.4.0&amp;apos;, revision: &amp;apos;unknown&amp;apos;, time: &amp;apos;unknown&amp;apos;
System info: host: &amp;apos;LAPTOP-CLA2OAMQ&amp;apos;, ip: &amp;apos;192.168.0.6&amp;apos;, os.name: &amp;apos;Windows 10&amp;apos;, os.arch: &amp;apos;amd64&amp;apos;, os.version: &amp;apos;10.0&amp;apos;, java.version: &amp;apos;1.8.0_131&amp;apos;
Driver info: org.openqa.selenium.firefox.FirefoxDriver
Capabilities [{moz:profile=C:\Users\Venkat\AppData\Local\Temp\rust_mozprofile.HtGaMxyj7F12, rotatable=false, timeouts={implicit=0.0, pageLoad=300000.0, script=30000.0}, pageLoadStrategy=normal, platform=ANY, specificationLevel=0.0, moz:accessibilityChecks=false, acceptInsecureCerts=false, browserVersion=54.0.1, platformVersion=10.0, moz:processID=11972.0, browserName=firefox, javascriptEnabled=true, platformName=windows_nt}]
Session ID: 29e12cbc-d603-40bd-ab55-82995dc8cea4">
      <![CDATA[org.openqa.selenium.WebDriverException: Failed to find width field
Build info: version: '3.4.0', revision: 'unknown', time: 'unknown'
System info: host: 'LAPTOP-CLA2OAMQ', ip: '192.168.0.6', os.name: 'Windows 10', os.arch: 'amd64', os.version: '10.0', java.version: '1.8.0_131'
Driver info: org.openqa.selenium.firefox.FirefoxDriver
Capabilities [{moz:profile=C:\Users\Venkat\AppData\Local\Temp\rust_mozprofile.HtGaMxyj7F12, rotatable=false, timeouts={implicit=0.0, pageLoad=300000.0, script=30000.0}, pageLoadStrategy=normal, platform=ANY, specificationLevel=0.0, moz:accessibilityChecks=false, acceptInsecureCerts=false, browserVersion=54.0.1, platformVersion=10.0, moz:processID=11972.0, browserName=firefox, javascriptEnabled=true, platformName=windows_nt}]
Session ID: 29e12cbc-d603-40bd-ab55-82995dc8cea4
	at org.openqa.selenium.remote.http.W3CHttpResponseCodec.createException(W3CHttpResponseCodec.java:150)
	at org.openqa.selenium.remote.http.W3CHttpResponseCodec.decode(W3CHttpResponseCodec.java:115)
	at org.openqa.selenium.remote.http.W3CHttpResponseCodec.decode(W3CHttpResponseCodec.java:45)
	at org.openqa.selenium.remote.HttpCommandExecutor.execute(HttpCommandExecutor.java:164)
	at org.openqa.selenium.remote.service.DriverCommandExecutor.execute(DriverCommandExecutor.java:82)
	at org.openqa.selenium.remote.RemoteWebDriver.execute(RemoteWebDriver.java:637)
	at org.openqa.selenium.remote.RemoteWebDriver.execute(RemoteWebDriver.java:694)
	at org.openqa.selenium.remote.RemoteWebDriver$RemoteWebDriverOptions$RemoteWindow.maximize(RemoteWebDriver.java:925)
	at genericCalls.GenCalls.maximisebrowserindow(GenCalls.java:46)
	at genericCalls.GenCalls.firefox(GenCalls.java:30)
	at redbusWebsiteCalls.HomePageCalls.before(HomePageCalls.java:66)
... Removed 23 stack frames]]>
    </failure>
  </testcase> <!-- @BeforeSuite before -->
  <testcase name="homePageHotelLinkCheck" time="0.0" classname="redbusWebsiteCalls.HomePageCalls">
    <skipped/>
  </testcase> <!-- homePageHotelLinkCheck -->
  <testcase name="homePageBusHireLinkCheck" time="0.0" classname="redbusWebsiteCalls.HomePageCalls">
    <skipped/>
  </testcase> <!-- homePageBusHireLinkCheck -->
  <testcase name="homePagePilgrimageLinkCheck" time="0.0" classname="redbusWebsiteCalls.HomePageCalls">
    <skipped/>
  </testcase> <!-- homePagePilgrimageLinkCheck -->
  <testcase name="homePageBusTicketLinkCheck" time="0.0" classname="redbusWebsiteCalls.HomePageCalls">
    <skipped/>
  </testcase> <!-- homePageBusTicketLinkCheck -->
</testsuite> <!-- Simple Test -->
