<?xml version="1.0" encoding="UTF-8"?>
<!-- Generated by org.testng.reporters.JUnitXMLReporter -->
<testsuite hostname="LAPTOP-CLA2OAMQ" ignored="4" name="Default test" tests="1" failures="0" timestamp="14 Jul 2017 02:22:36 GMT" time="0.096" errors="0">
  <testcase name="@BeforeSuite before" time="0.0" classname="redbusWebsiteCalls.HomePageCalls">
    <failure type="org.testng.TestNGException" message="
Parameter &amp;apos;browser&amp;apos; is required by BeforeSuite on method before but has not been marked @Optional or defined
in C:\Users\Venkat\AppData\Local\Temp\testng-eclipse--112254199\testng-customsuite.xml">
      <![CDATA[org.testng.TestNGException: 
Parameter 'browser' is required by BeforeSuite on method before but has not been marked @Optional or defined
in C:\Users\Venkat\AppData\Local\Temp\testng-eclipse--112254199\testng-customsuite.xml
	at org.testng.internal.Parameters.createParameters(Parameters.java:199)
	at org.testng.internal.Parameters.createParameters(Parameters.java:443)
	at org.testng.internal.Parameters.createConfigurationParameters(Parameters.java:118)
	at org.testng.internal.Invoker.invokeConfigurations(Invoker.java:206)
	at org.testng.internal.Invoker.invokeConfigurations(Invoker.java:146)
	at org.testng.SuiteRunner.privateRun(SuiteRunner.java:326)
	at org.testng.SuiteRunner.run(SuiteRunner.java:289)
	at org.testng.SuiteRunnerWorker.runSuite(SuiteRunnerWorker.java:52)
	at org.testng.SuiteRunnerWorker.run(SuiteRunnerWorker.java:86)
	at org.testng.TestNG.runSuitesSequentially(TestNG.java:1301)
	at org.testng.TestNG.runSuitesLocally(TestNG.java:1226)
	at org.testng.TestNG.runSuites(TestNG.java:1144)
	at org.testng.TestNG.run(TestNG.java:1115)
	at org.testng.remote.AbstractRemoteTestNG.run(AbstractRemoteTestNG.java:132)
	at org.testng.remote.RemoteTestNG.initAndRun(RemoteTestNG.java:230)
	at org.testng.remote.RemoteTestNG.main(RemoteTestNG.java:76)
]]>
    </failure>
  </testcase> <!-- @BeforeSuite before -->
  <testcase name="homePageBusTicketBookingCheck" time="0.004" classname="redbusWebsiteCalls.HomePageCalls">
    <skipped/>
  </testcase> <!-- homePageBusTicketBookingCheck -->
  <testcase name="homePageBusTicketLinkCheck" time="0.0" classname="redbusWebsiteCalls.HomePageCalls">
    <ignored/>
  </testcase> <!-- homePageBusTicketLinkCheck -->
  <testcase name="homePageHotelLinkCheck" time="0.0" classname="redbusWebsiteCalls.HomePageCalls">
    <ignored/>
  </testcase> <!-- homePageHotelLinkCheck -->
  <testcase name="homePagePilgrimageLinkCheck" time="0.0" classname="redbusWebsiteCalls.HomePageCalls">
    <ignored/>
  </testcase> <!-- homePagePilgrimageLinkCheck -->
  <testcase name="homePageBusHireLinkCheck" time="0.0" classname="redbusWebsiteCalls.HomePageCalls">
    <ignored/>
  </testcase> <!-- homePageBusHireLinkCheck -->
</testsuite> <!-- Default test -->
